Arguments: 
  C:\Program Files\nodejs\node.exe C:\Program Files\nodejs\node_modules\yarn\bin\yarn.js add webpack

PATH: 
  C:\ProgramData\Oracle\Java\javapath;C:\Program Files (x86)\NVIDIA Corporation\PhysX\Common;C:\Program Files (x86)\iis express\PHP\v5.3;C:\Program Files (x86)\Intel\iCLS Client\;C:\Program Files\Intel\iCLS Client\;C:\Windows\system32;C:\Windows;C:\Windows\System32\Wbem;C:\Windows\System32\WindowsPowerShell\v1.0\;C:\Program Files\Intel\Intel(R) Management Engine Components\DAL;C:\Program Files\Intel\Intel(R) Management Engine Components\IPT;C:\Program Files (x86)\Intel\Intel(R) Management Engine Components\DAL;C:\Program Files (x86)\Intel\Intel(R) Management Engine Components\IPT;C:\Program Files\Microsoft SQL Server\110\Tools\Binn\;C:\Program Files\Microsoft SQL Server\120\Tools\Binn\;C:\Program Files\Microsoft SQL Server\130\Tools\Binn\;C:\Program Files\TortoiseHg\;C:\Program Files\Git\cmd;C:\Program Files\Microsoft VS Code\bin;D:\nvm;C:\Program Files\nodejs

Yarn version: 
  1.13.0

Node version: 
  8.4.0

Platform: 
  win32 x64

Trace: 
  SyntaxError: C:\xampp\htdocs\javascript_work\package.json: Unexpected string in JSON at position 120
      at JSON.parse (<anonymous>)
      at D:\nvm\v8.4.0\node_modules\yarn\lib\cli.js:1625:59
      at Generator.next (<anonymous>)
      at step (D:\nvm\v8.4.0\node_modules\yarn\lib\cli.js:304:30)
      at D:\nvm\v8.4.0\node_modules\yarn\lib\cli.js:315:13
      at <anonymous>

npm manifest: 
  {
    "name": "javascript_work",
    "version": "1.0.0",
    "description": "this is javascript work",
    "main": "index.js"
    "scripts": {
      "test": "echo \"Error: no test specified\" && exit 1",
      "build": "webpack",
      "watch": "webpack --watch --mode development"
    },
    "license": "ISC"
  }

yarn manifest: 
  No manifest

Lockfile: 
  No lockfile
